<?xml version="1.0" encoding="UTF-8"?>
<testng-results total="1" passed="1" failed="0" skipped="0">
  <reporter-output>
    <line>
      <![CDATA[VerifyImg]]>
    </line>
    <line>
      <![CDATA[VerifyZerodhaSignUpPageLogo]]>
    </line>
    <line>
      <![CDATA[VerifySignUpNow]]>
    </line>
    <line>
      <![CDATA[VerifyWantToOpenAnNRI_Account]]>
    </line>
    <line>
      <![CDATA[SetMobileNumber]]>
    </line>
    <line>
      <![CDATA[ClickContinueBtn]]>
    </line>
  </reporter-output>
  <suite started-at="2022-10-14T10:59:41Z" name="Default suite" finished-at="2022-10-14T10:59:55Z" duration-ms="14097">
    <groups>
    </groups>
    <test started-at="2022-10-14T10:59:41Z" name="Default test" finished-at="2022-10-14T10:59:55Z" duration-ms="14097">
      <class name="com.myproject.qa.TestCases.ZerodhaSignUPTest">
        <test-method is-config="true" signature="setup()" started-at="2022-10-14T10:59:41Z" name="setup" finished-at="2022-10-14T10:59:55Z" duration-ms="13525" status="PASS">
        </test-method>
        <test-method signature="ZerodhaSignUpPage_PositiveTest()" started-at="2022-10-14T10:59:55Z" name="ZerodhaSignUpPage_PositiveTest" finished-at="2022-10-14T10:59:55Z" duration-ms="553" status="PASS">
        </test-method>
      </class>
    </test>
  </suite>
</testng-results>
